Processing...
Done!
Epoch 1/180, Train RMSE: 0.4056, Test RMSE: 0.2392
Epoch 2/180, Train RMSE: 0.1792, Test RMSE: 0.1487
Epoch 3/180, Train RMSE: 0.1464, Test RMSE: 0.1504
Epoch 4/180, Train RMSE: 0.1332, Test RMSE: 0.1554
Epoch 5/180, Train RMSE: 0.1292, Test RMSE: 0.1164
Epoch 6/180, Train RMSE: 0.1246, Test RMSE: 0.1170
Epoch 7/180, Train RMSE: 0.1259, Test RMSE: 0.1271
Epoch 8/180, Train RMSE: 0.1195, Test RMSE: 0.1193
Epoch 9/180, Train RMSE: 0.1177, Test RMSE: 0.1105
Epoch 10/180, Train RMSE: 0.1164, Test RMSE: 0.1125
Epoch 11/180, Train RMSE: 0.1158, Test RMSE: 0.1051
Epoch 12/180, Train RMSE: 0.1120, Test RMSE: 0.1119
Epoch 13/180, Train RMSE: 0.1123, Test RMSE: 0.1175
Epoch 14/180, Train RMSE: 0.1100, Test RMSE: 0.1019
Epoch 15/180, Train RMSE: 0.1089, Test RMSE: 0.0996
Epoch 16/180, Train RMSE: 0.1076, Test RMSE: 0.1024
Epoch 17/180, Train RMSE: 0.1062, Test RMSE: 0.1082
Epoch 18/180, Train RMSE: 0.1053, Test RMSE: 0.1033
Epoch 19/180, Train RMSE: 0.1039, Test RMSE: 0.0984
Epoch 20/180, Train RMSE: 0.1035, Test RMSE: 0.0987
Epoch 21/180, Train RMSE: 0.1027, Test RMSE: 0.0979
Epoch 22/180, Train RMSE: 0.1023, Test RMSE: 0.1028
Epoch 23/180, Train RMSE: 0.1010, Test RMSE: 0.0940
Epoch 24/180, Train RMSE: 0.1011, Test RMSE: 0.0971
Epoch 25/180, Train RMSE: 0.0987, Test RMSE: 0.0918
Epoch 26/180, Train RMSE: 0.0994, Test RMSE: 0.0937
Epoch 27/180, Train RMSE: 0.0980, Test RMSE: 0.0927
Epoch 28/180, Train RMSE: 0.0978, Test RMSE: 0.0950
Epoch 29/180, Train RMSE: 0.0985, Test RMSE: 0.0913
Epoch 30/180, Train RMSE: 0.0965, Test RMSE: 0.0957
Epoch 31/180, Train RMSE: 0.0959, Test RMSE: 0.0919
Epoch 32/180, Train RMSE: 0.0971, Test RMSE: 0.0927
Epoch 33/180, Train RMSE: 0.0977, Test RMSE: 0.0930
Epoch 34/180, Train RMSE: 0.0945, Test RMSE: 0.0923
Epoch 35/180, Train RMSE: 0.0942, Test RMSE: 0.0873
Epoch 36/180, Train RMSE: 0.0941, Test RMSE: 0.0896
Epoch 37/180, Train RMSE: 0.0943, Test RMSE: 0.0943
Epoch 38/180, Train RMSE: 0.0941, Test RMSE: 0.0972
Epoch 39/180, Train RMSE: 0.0941, Test RMSE: 0.0900
Epoch 40/180, Train RMSE: 0.0922, Test RMSE: 0.1040
Epoch 41/180, Train RMSE: 0.0925, Test RMSE: 0.0885
Epoch 42/180, Train RMSE: 0.0931, Test RMSE: 0.0881
Epoch 43/180, Train RMSE: 0.0930, Test RMSE: 0.0943
Epoch 44/180, Train RMSE: 0.0923, Test RMSE: 0.0931
Epoch 45/180, Train RMSE: 0.0919, Test RMSE: 0.0901
Epoch 46/180, Train RMSE: 0.0923, Test RMSE: 0.0941
Epoch 47/180, Train RMSE: 0.0910, Test RMSE: 0.0886
Epoch 48/180, Train RMSE: 0.0919, Test RMSE: 0.0920
Epoch 49/180, Train RMSE: 0.0921, Test RMSE: 0.0863
Epoch 50/180, Train RMSE: 0.0906, Test RMSE: 0.0845
Epoch 51/180, Train RMSE: 0.0908, Test RMSE: 0.0876
Epoch 52/180, Train RMSE: 0.0907, Test RMSE: 0.0969
Epoch 53/180, Train RMSE: 0.0899, Test RMSE: 0.0878
Epoch 54/180, Train RMSE: 0.0902, Test RMSE: 0.0863
Epoch 55/180, Train RMSE: 0.0904, Test RMSE: 0.0869
Epoch 56/180, Train RMSE: 0.0898, Test RMSE: 0.0862
Epoch 57/180, Train RMSE: 0.0904, Test RMSE: 0.0854
Epoch 58/180, Train RMSE: 0.0899, Test RMSE: 0.0935
Epoch 59/180, Train RMSE: 0.0904, Test RMSE: 0.0884
Epoch 60/180, Train RMSE: 0.0885, Test RMSE: 0.0893
Epoch 61/180, Train RMSE: 0.0887, Test RMSE: 0.0874
Epoch 62/180, Train RMSE: 0.0884, Test RMSE: 0.0931
Epoch 63/180, Train RMSE: 0.0885, Test RMSE: 0.0934
Epoch 64/180, Train RMSE: 0.0884, Test RMSE: 0.0847
Epoch 65/180, Train RMSE: 0.0889, Test RMSE: 0.0890
Epoch 66/180, Train RMSE: 0.0878, Test RMSE: 0.0981
Epoch 67/180, Train RMSE: 0.0880, Test RMSE: 0.0904
Epoch 68/180, Train RMSE: 0.0882, Test RMSE: 0.0876
Epoch 69/180, Train RMSE: 0.0884, Test RMSE: 0.0891
Epoch 70/180, Train RMSE: 0.0879, Test RMSE: 0.0860
Early stopping triggered.

📘 Final Performance Metrics
--------------------------------------------------
Log Scale Evaluation (model output space)
Train MAE   : 0.0578
Test  MAE   : 0.0595
Train MSE   : 0.0070
Test  MSE   : 0.0071
Train RMSE  : 0.0836
Test  RMSE  : 0.0845
Train R²    : 0.9830
Test  R²    : 0.9827
--------------------------------------------------
Original Scale Evaluation (after exp transform)
Train MAE   : 0.0017
Test  MAE   : 0.0017
Train MSE   : 0.0000
Test  MSE   : 0.0000
Train RMSE  : 0.0031
Test  RMSE  : 0.0030
Train R²    : 0.9763
Test  R²    : 0.9772
--------------------------------------------------
Execution time: 20.94 minutes
